<?xml version="1.0" encoding="UTF-8"?>
<testsuite name="it.cs.unicam.pa2021.logo.model.SimpleCursorTest" tests="5" skipped="0" failures="0" errors="0" timestamp="2021-10-19T12:25:31" hostname="MSI" time="0.115">
  <properties/>
  <testcase name="NullPointerExceptionShouldBeThrown()" classname="it.cs.unicam.pa2021.logo.model.SimpleCursorTest" time="0.042"/>
  <testcase name="simpleCursorShouldBeCreated()" classname="it.cs.unicam.pa2021.logo.model.SimpleCursorTest" time="0.004"/>
  <testcase name="cursorShouldBeRemainAtBorder()" classname="it.cs.unicam.pa2021.logo.model.SimpleCursorTest" time="0.036"/>
  <testcase name="cursorShouldBeChangedInPlane()" classname="it.cs.unicam.pa2021.logo.model.SimpleCursorTest" time="0.024"/>
  <testcase name="IllegalArgumentExceptionShouldBeThrown()" classname="it.cs.unicam.pa2021.logo.model.SimpleCursorTest" time="0.008"/>
  <system-out><![CDATA[]]></system-out>
  <system-err><![CDATA[ott 19, 2021 2:25:31 PM it.cs.unicam.pa2021.logo.model.Instruction checkCursorAtBorder
INFO: Intersection point:  Optional[P(999.0,500.0)]
ott 19, 2021 2:25:31 PM it.cs.unicam.pa2021.logo.model.Instruction checkCursorAtBorder
INFO: Cursor position P(999.0,500.0)
ott 19, 2021 2:25:31 PM it.cs.unicam.pa2021.logo.model.Instruction move
INFO: Generated line: L{ P(500.0,500.0) , P(999.0,500.0) color = RGBColor{r=0, g=0, b=0} } 
ott 19, 2021 2:25:31 PM it.cs.unicam.pa2021.logo.model.Instruction checkCursorAtBorder
INFO: Intersection point:  Optional[P(500.0,999.0)]
ott 19, 2021 2:25:31 PM it.cs.unicam.pa2021.logo.model.Instruction checkCursorAtBorder
INFO: Cursor position P(500.0,999.0)
ott 19, 2021 2:25:31 PM it.cs.unicam.pa2021.logo.model.Instruction move
INFO: Generated line: L{ P(500.0,500.0) , P(500.0,999.0) color = RGBColor{r=0, g=0, b=0} } 
ott 19, 2021 2:25:31 PM it.cs.unicam.pa2021.logo.model.Instruction checkCursorAtBorder
INFO: Intersection point:  Optional[P(500.0,999.0)]
ott 19, 2021 2:25:31 PM it.cs.unicam.pa2021.logo.model.Instruction checkCursorAtBorder
INFO: Cursor position P(500.0,999.0)
ott 19, 2021 2:25:31 PM it.cs.unicam.pa2021.logo.model.Instruction move
INFO: Generated line: L{ P(500.0,999.0) , P(500.0,999.0) color = RGBColor{r=0, g=0, b=0} } 
ott 19, 2021 2:25:31 PM it.cs.unicam.pa2021.logo.model.Instruction checkCursorAtBorder
INFO: Intersection point:  Optional[P(0.0,999.0)]
ott 19, 2021 2:25:31 PM it.cs.unicam.pa2021.logo.model.Instruction checkCursorAtBorder
INFO: Cursor position P(0.0,999.0)
ott 19, 2021 2:25:31 PM it.cs.unicam.pa2021.logo.model.Instruction move
INFO: Generated line: L{ P(500.0,999.0) , P(0.0,999.0) color = RGBColor{r=0, g=0, b=0} } 
ott 19, 2021 2:25:31 PM it.cs.unicam.pa2021.logo.model.Instruction checkCursorAtBorder
INFO: Intersection point:  Optional[P(0.0,0.0)]
ott 19, 2021 2:25:31 PM it.cs.unicam.pa2021.logo.model.Instruction checkCursorAtBorder
INFO: Cursor position P(0.0,0.0)
ott 19, 2021 2:25:31 PM it.cs.unicam.pa2021.logo.model.Instruction move
INFO: Generated line: L{ P(0.0,999.0) , P(0.0,0.0) color = RGBColor{r=0, g=0, b=0} } 
ott 19, 2021 2:25:31 PM it.cs.unicam.pa2021.logo.model.Instruction checkCursorAtBorder
INFO: Intersection point:  Optional[P(999.0,500.0)]
ott 19, 2021 2:25:31 PM it.cs.unicam.pa2021.logo.model.Instruction checkCursorAtBorder
INFO: Cursor position P(999.0,500.0)
ott 19, 2021 2:25:31 PM it.cs.unicam.pa2021.logo.model.Instruction move
INFO: Generated line: L{ P(500.0,500.0) , P(999.0,500.0) color = RGBColor{r=0, g=0, b=0} } 
ott 19, 2021 2:25:31 PM it.cs.unicam.pa2021.logo.model.Instruction checkCursorAtBorder
INFO: Intersection point:  Optional[P(999.0,0.0)]
ott 19, 2021 2:25:31 PM it.cs.unicam.pa2021.logo.model.Instruction checkCursorAtBorder
INFO: Cursor position P(999.0,0.0)
ott 19, 2021 2:25:31 PM it.cs.unicam.pa2021.logo.model.Instruction move
INFO: Generated line: L{ P(999.0,500.0) , P(999.0,0.0) color = RGBColor{r=0, g=0, b=0} } 
ott 19, 2021 2:25:31 PM it.cs.unicam.pa2021.logo.model.Instruction checkCursorAtBorder
INFO: Intersection point:  Optional.empty
ott 19, 2021 2:25:31 PM it.cs.unicam.pa2021.logo.model.Instruction checkCursorAtBorder
INFO: Cursor position P(300.0,250.0)
ott 19, 2021 2:25:31 PM it.cs.unicam.pa2021.logo.model.Instruction move
INFO: Generated line: L{ P(250.0,250.0) , P(300.0,250.0) color = RGBColor{r=0, g=0, b=0} } 
ott 19, 2021 2:25:31 PM it.cs.unicam.pa2021.logo.model.Instruction checkCursorAtBorder
INFO: Intersection point:  Optional.empty
ott 19, 2021 2:25:31 PM it.cs.unicam.pa2021.logo.model.Instruction checkCursorAtBorder
INFO: Cursor position P(381.31,213.8)
ott 19, 2021 2:25:31 PM it.cs.unicam.pa2021.logo.model.Instruction move
INFO: Moved cursor from P(300.0,250.0) to P(381.31,213.8)
ott 19, 2021 2:25:31 PM it.cs.unicam.pa2021.logo.model.Instruction checkCursorAtBorder
INFO: Intersection point:  Optional.empty
ott 19, 2021 2:25:31 PM it.cs.unicam.pa2021.logo.model.Instruction checkCursorAtBorder
INFO: Cursor position P(350.25,227.63)
ott 19, 2021 2:25:31 PM it.cs.unicam.pa2021.logo.model.Instruction move
INFO: Generated line: L{ P(381.31,213.8) , P(350.25,227.63) color = RGBColor{r=0, g=0, b=0} } 
]]></system-err>
</testsuite>
