<?xml version="1.0" encoding="UTF-8"?>
<testsuite name="it.cs.unicam.pa2021.logo.model.InstructionTest" tests="12" skipped="0" failures="0" errors="0" timestamp="2021-10-19T12:25:31" hostname="MSI" time="0.245">
  <properties/>
  <testcase name="fillColorShouldBeChanged()" classname="it.cs.unicam.pa2021.logo.model.InstructionTest" time="0.042"/>
  <testcase name="cursorShouldBackwardInPlane()" classname="it.cs.unicam.pa2021.logo.model.InstructionTest" time="0.036"/>
  <testcase name="screenColorShouldBeChanged()" classname="it.cs.unicam.pa2021.logo.model.InstructionTest" time="0.01"/>
  <testcase name="penSizeShouldBeChanged()" classname="it.cs.unicam.pa2021.logo.model.InstructionTest" time="0.006"/>
  <testcase name="penColorShouldBeChanged()" classname="it.cs.unicam.pa2021.logo.model.InstructionTest" time="0.007"/>
  <testcase name="screenShouldBeCleaned()" classname="it.cs.unicam.pa2021.logo.model.InstructionTest" time="0.021"/>
  <testcase name="cursorShouldBeMovedToHomeInPlane()" classname="it.cs.unicam.pa2021.logo.model.InstructionTest" time="0.009"/>
  <testcase name="RedSquareShouldBeCreated()" classname="it.cs.unicam.pa2021.logo.model.InstructionTest" time="0.031"/>
  <testcase name="cursorDirectionShouldBeChanged()" classname="it.cs.unicam.pa2021.logo.model.InstructionTest" time="0.021"/>
  <testcase name="penShouldBeUpAndDown()" classname="it.cs.unicam.pa2021.logo.model.InstructionTest" time="0.015"/>
  <testcase name="IllegalArgumentExceptionShouldBeThrown()" classname="it.cs.unicam.pa2021.logo.model.InstructionTest" time="0.013"/>
  <testcase name="cursorShouldForwardInPlane()" classname="it.cs.unicam.pa2021.logo.model.InstructionTest" time="0.026"/>
  <system-out><![CDATA[]]></system-out>
  <system-err><![CDATA[ott 19, 2021 2:25:31 PM it.cs.unicam.pa2021.logo.model.Instruction checkCursorAtBorder
INFO: Intersection point:  Optional.empty
ott 19, 2021 2:25:31 PM it.cs.unicam.pa2021.logo.model.Instruction checkCursorAtBorder
INFO: Cursor position P(200.0,350.0)
ott 19, 2021 2:25:31 PM it.cs.unicam.pa2021.logo.model.Instruction move
INFO: Generated line: L{ P(200.0,400.0) , P(200.0,350.0) color = RGBColor{r=0, g=0, b=0} } 
ott 19, 2021 2:25:31 PM it.cs.unicam.pa2021.logo.model.Instruction checkCursorAtBorder
INFO: Intersection point:  Optional.empty
ott 19, 2021 2:25:31 PM it.cs.unicam.pa2021.logo.model.Instruction checkCursorAtBorder
INFO: Cursor position P(156.7,375.0)
ott 19, 2021 2:25:31 PM it.cs.unicam.pa2021.logo.model.Instruction move
INFO: Generated line: L{ P(200.0,350.0) , P(156.7,375.0) color = RGBColor{r=0, g=0, b=0} } 
ott 19, 2021 2:25:31 PM it.cs.unicam.pa2021.logo.model.Instruction checkCursorAtBorder
INFO: Intersection point:  Optional.empty
ott 19, 2021 2:25:31 PM it.cs.unicam.pa2021.logo.model.Instruction checkCursorAtBorder
INFO: Cursor position P(200.0,400.0)
ott 19, 2021 2:25:31 PM it.cs.unicam.pa2021.logo.model.DefaultPlane addLine
INFO: Generated closed area: AREA{ lines= 
L{ P(200.0,400.0) , P(200.0,350.0) color = RGBColor{r=0, g=0, b=0} } 
L{ P(200.0,350.0) , P(156.7,375.0) color = RGBColor{r=0, g=0, b=0} } 
L{ P(156.7,375.0) , P(200.0,400.0) color = RGBColor{r=0, g=0, b=0} } 
, color= RGBColor{r=0, g=255, b=0} }
ott 19, 2021 2:25:31 PM it.cs.unicam.pa2021.logo.model.Instruction move
INFO: Generated line: L{ P(156.7,375.0) , P(200.0,400.0) color = RGBColor{r=0, g=0, b=0} } 
ott 19, 2021 2:25:31 PM it.cs.unicam.pa2021.logo.model.Instruction checkCursorAtBorder
INFO: Intersection point:  Optional.empty
ott 19, 2021 2:25:31 PM it.cs.unicam.pa2021.logo.model.Instruction checkCursorAtBorder
INFO: Cursor position P(73.84,226.16)
ott 19, 2021 2:25:31 PM it.cs.unicam.pa2021.logo.model.Instruction move
INFO: Generated line: L{ P(100.0,200.0) , P(73.84,226.16) color = RGBColor{r=0, g=0, b=0} } 
ott 19, 2021 2:25:31 PM it.cs.unicam.pa2021.logo.model.Instruction checkCursorAtBorder
INFO: Intersection point:  Optional.empty
ott 19, 2021 2:25:31 PM it.cs.unicam.pa2021.logo.model.Instruction checkCursorAtBorder
INFO: Cursor position P(88.69,241.01)
ott 19, 2021 2:25:31 PM it.cs.unicam.pa2021.logo.model.Instruction move
INFO: Generated line: L{ P(73.84,226.16) , P(88.69,241.01) color = RGBColor{r=0, g=0, b=0} } 
ott 19, 2021 2:25:31 PM it.cs.unicam.pa2021.logo.model.Instruction checkCursorAtBorder
INFO: Intersection point:  Optional.empty
ott 19, 2021 2:25:31 PM it.cs.unicam.pa2021.logo.model.Instruction checkCursorAtBorder
INFO: Cursor position P(73.84,226.16)
ott 19, 2021 2:25:31 PM it.cs.unicam.pa2021.logo.model.Instruction move
INFO: Generated line: L{ P(88.69,241.01) , P(73.84,226.16) color = RGBColor{r=0, g=0, b=0} } 
ott 19, 2021 2:25:31 PM it.cs.unicam.pa2021.logo.model.Instruction checkCursorAtBorder
INFO: Intersection point:  Optional.empty
ott 19, 2021 2:25:31 PM it.cs.unicam.pa2021.logo.model.Instruction checkCursorAtBorder
INFO: Cursor position P(102.12,254.44)
ott 19, 2021 2:25:31 PM it.cs.unicam.pa2021.logo.model.Instruction move
INFO: Generated line: L{ P(73.84,226.16) , P(102.12,254.44) color = RGBColor{r=0, g=0, b=0} } 
ott 19, 2021 2:25:31 PM it.cs.unicam.pa2021.logo.model.Instruction checkCursorAtBorder
INFO: Intersection point:  Optional.empty
ott 19, 2021 2:25:31 PM it.cs.unicam.pa2021.logo.model.Instruction checkCursorAtBorder
INFO: Cursor position P(102.12,254.44)
ott 19, 2021 2:25:31 PM it.cs.unicam.pa2021.logo.model.Instruction move
INFO: Generated line: L{ P(102.12,254.44) , P(102.12,254.44) color = RGBColor{r=0, g=0, b=0} } 
ott 19, 2021 2:25:31 PM it.cs.unicam.pa2021.logo.model.DefaultPlane addLine
INFO: Generated closed area: AREA{ lines= 
L{ P(10.0,20.0) , P(20.0,30.0) color = RGBColor{r=0, g=0, b=0} } 
L{ P(20.0,30.0) , P(40.0,20.0) color = RGBColor{r=0, g=0, b=0} } 
L{ P(40.0,20.0) , P(120.0,17.0) color = RGBColor{r=0, g=0, b=0} } 
L{ P(120.0,17.0) , P(10.0,20.0) color = RGBColor{r=0, g=0, b=0} } 
, color= RGBColor{r=255, g=255, b=255} }
ott 19, 2021 2:25:31 PM it.cs.unicam.pa2021.logo.model.Instruction checkCursorAtBorder
INFO: Intersection point:  Optional.empty
ott 19, 2021 2:25:31 PM it.cs.unicam.pa2021.logo.model.Instruction checkCursorAtBorder
INFO: Cursor position P(80.0,50.0)
ott 19, 2021 2:25:31 PM it.cs.unicam.pa2021.logo.model.Instruction move
INFO: Generated line: L{ P(80.0,100.0) , P(80.0,50.0) color = RGBColor{r=0, g=0, b=0} } 
ott 19, 2021 2:25:31 PM it.cs.unicam.pa2021.logo.model.Instruction checkCursorAtBorder
INFO: Intersection point:  Optional.empty
ott 19, 2021 2:25:31 PM it.cs.unicam.pa2021.logo.model.Instruction checkCursorAtBorder
INFO: Cursor position P(550.0,500.0)
ott 19, 2021 2:25:31 PM it.cs.unicam.pa2021.logo.model.Instruction move
INFO: Generated line: L{ P(500.0,500.0) , P(550.0,500.0) color = RGBColor{r=0, g=0, b=0} } 
ott 19, 2021 2:25:31 PM it.cs.unicam.pa2021.logo.model.Instruction checkCursorAtBorder
INFO: Intersection point:  Optional.empty
ott 19, 2021 2:25:31 PM it.cs.unicam.pa2021.logo.model.Instruction checkCursorAtBorder
INFO: Cursor position P(550.0,450.0)
ott 19, 2021 2:25:31 PM it.cs.unicam.pa2021.logo.model.Instruction move
INFO: Generated line: L{ P(550.0,500.0) , P(550.0,450.0) color = RGBColor{r=0, g=0, b=0} } 
ott 19, 2021 2:25:31 PM it.cs.unicam.pa2021.logo.model.Instruction checkCursorAtBorder
INFO: Intersection point:  Optional.empty
ott 19, 2021 2:25:31 PM it.cs.unicam.pa2021.logo.model.Instruction checkCursorAtBorder
INFO: Cursor position P(500.0,450.0)
ott 19, 2021 2:25:31 PM it.cs.unicam.pa2021.logo.model.Instruction move
INFO: Generated line: L{ P(550.0,450.0) , P(500.0,450.0) color = RGBColor{r=0, g=0, b=0} } 
ott 19, 2021 2:25:31 PM it.cs.unicam.pa2021.logo.model.Instruction checkCursorAtBorder
INFO: Intersection point:  Optional.empty
ott 19, 2021 2:25:31 PM it.cs.unicam.pa2021.logo.model.Instruction checkCursorAtBorder
INFO: Cursor position P(500.0,500.0)
ott 19, 2021 2:25:31 PM it.cs.unicam.pa2021.logo.model.DefaultPlane addLine
INFO: Generated closed area: AREA{ lines= 
L{ P(500.0,500.0) , P(550.0,500.0) color = RGBColor{r=0, g=0, b=0} } 
L{ P(550.0,500.0) , P(550.0,450.0) color = RGBColor{r=0, g=0, b=0} } 
L{ P(550.0,450.0) , P(500.0,450.0) color = RGBColor{r=0, g=0, b=0} } 
L{ P(500.0,450.0) , P(500.0,500.0) color = RGBColor{r=0, g=0, b=0} } 
, color= RGBColor{r=255, g=0, b=0} }
ott 19, 2021 2:25:31 PM it.cs.unicam.pa2021.logo.model.Instruction move
INFO: Generated line: L{ P(500.0,450.0) , P(500.0,500.0) color = RGBColor{r=0, g=0, b=0} } 
ott 19, 2021 2:25:31 PM it.cs.unicam.pa2021.logo.model.Instruction checkCursorAtBorder
INFO: Intersection point:  Optional.empty
ott 19, 2021 2:25:31 PM it.cs.unicam.pa2021.logo.model.Instruction checkCursorAtBorder
INFO: Cursor position P(200.0,150.0)
ott 19, 2021 2:25:31 PM it.cs.unicam.pa2021.logo.model.Instruction move
INFO: Moved cursor from P(150.0,150.0) to P(200.0,150.0)
ott 19, 2021 2:25:31 PM it.cs.unicam.pa2021.logo.model.Instruction checkCursorAtBorder
INFO: Intersection point:  Optional.empty
ott 19, 2021 2:25:31 PM it.cs.unicam.pa2021.logo.model.Instruction checkCursorAtBorder
INFO: Cursor position P(172.0,150.0)
ott 19, 2021 2:25:31 PM it.cs.unicam.pa2021.logo.model.Instruction move
INFO: Generated line: L{ P(200.0,150.0) , P(172.0,150.0) color = RGBColor{r=0, g=0, b=0} } 
ott 19, 2021 2:25:31 PM it.cs.unicam.pa2021.logo.model.Instruction checkCursorAtBorder
INFO: Intersection point:  Optional.empty
ott 19, 2021 2:25:31 PM it.cs.unicam.pa2021.logo.model.Instruction checkCursorAtBorder
INFO: Cursor position P(5.0,50.0)
ott 19, 2021 2:25:31 PM it.cs.unicam.pa2021.logo.model.Instruction move
INFO: Generated line: L{ P(25.0,50.0) , P(5.0,50.0) color = RGBColor{r=0, g=0, b=0} } 
ott 19, 2021 2:25:31 PM it.cs.unicam.pa2021.logo.model.Instruction checkCursorAtBorder
INFO: Intersection point:  Optional.empty
ott 19, 2021 2:25:31 PM it.cs.unicam.pa2021.logo.model.Instruction checkCursorAtBorder
INFO: Cursor position P(5.0,0.0)
ott 19, 2021 2:25:31 PM it.cs.unicam.pa2021.logo.model.Instruction move
INFO: Generated line: L{ P(5.0,50.0) , P(5.0,0.0) color = RGBColor{r=0, g=0, b=0} } 
ott 19, 2021 2:25:31 PM it.cs.unicam.pa2021.logo.model.Instruction checkCursorAtBorder
INFO: Intersection point:  Optional.empty
ott 19, 2021 2:25:31 PM it.cs.unicam.pa2021.logo.model.Instruction checkCursorAtBorder
INFO: Cursor position P(5.0,80.0)
ott 19, 2021 2:25:31 PM it.cs.unicam.pa2021.logo.model.Instruction move
INFO: Generated line: L{ P(5.0,0.0) , P(5.0,80.0) color = RGBColor{r=0, g=0, b=0} } 
ott 19, 2021 2:25:31 PM it.cs.unicam.pa2021.logo.model.Instruction checkCursorAtBorder
INFO: Intersection point:  Optional.empty
ott 19, 2021 2:25:31 PM it.cs.unicam.pa2021.logo.model.Instruction checkCursorAtBorder
INFO: Cursor position P(5.0,40.0)
ott 19, 2021 2:25:31 PM it.cs.unicam.pa2021.logo.model.Instruction move
INFO: Generated line: L{ P(5.0,80.0) , P(5.0,40.0) color = RGBColor{r=0, g=0, b=0} } 
]]></system-err>
</testsuite>
